build/app/intermediates/manifest_merge_blame_file/release/manifest-merger-blame-release-report.txt
1<?xml version="1.0" encoding="utf-8"?>
2<manifest xmlns:android="http://schemas.android.com/apk/res/android"
3    package="com.parentseye.parent_app"
4    android:versionCode="29"
5    android:versionName="1.0.28" >
6
7    <uses-sdk
8        android:minSdkVersion="23"
8-->src\main\AndroidManifest.xml
9        android:targetSdkVersion="34" />
9-->src\main\AndroidManifest.xml
10
11    <uses-feature
11-->src\main\AndroidManifest.xml:4:5-6:36
12        android:name="android.hardware.telephony"
12-->src\main\AndroidManifest.xml:5:9-50
13        android:required="false" />
13-->src\main\AndroidManifest.xml:6:9-33
14
15    <uses-permission android:name="android.permission.ACCESS_FINE_LOCATION" />
15-->src\main\AndroidManifest.xml:8:5-79
15-->src\main\AndroidManifest.xml:8:22-76
16    <uses-permission android:name="android.permission.ACCESS_COARSE_LOCATION" />
16-->src\main\AndroidManifest.xml:9:5-81
16-->src\main\AndroidManifest.xml:9:22-78
17    <uses-permission android:name="android.permission.ACCESS_NETWORK_STATE" />
17-->src\main\AndroidManifest.xml:10:5-79
17-->src\main\AndroidManifest.xml:10:22-76
18    <uses-permission android:name="android.permission.INTERNET" />
18-->src\main\AndroidManifest.xml:11:5-67
18-->src\main\AndroidManifest.xml:11:22-64
19    <uses-permission android:name="android.permission.RECEIVE_BOOT_COMPLETED" />
19-->src\main\AndroidManifest.xml:12:5-80
19-->src\main\AndroidManifest.xml:12:22-78
20    <uses-permission android:name="android.permission.USE_BIOMETRIC" />
20-->src\main\AndroidManifest.xml:13:5-71
20-->src\main\AndroidManifest.xml:13:22-69
21    <uses-permission android:name="android.permission.RECORD_AUDIO" />
21-->src\main\AndroidManifest.xml:14:5-70
21-->src\main\AndroidManifest.xml:14:22-68
22    <uses-permission android:name="android.permission.WAKE_LOCK" />
22-->[:firebase_analytics] AndroidManifest.xml:11:5-68
22-->[:firebase_analytics] AndroidManifest.xml:11:22-65
23    <uses-permission android:name="android.permission.FOREGROUND_SERVICE" />
23-->[:flutter_background_service_android] AndroidManifest.xml:9:5-77
23-->[:flutter_background_service_android] AndroidManifest.xml:9:22-74
24    <uses-permission android:name="android.permission.VIBRATE" />
24-->[:flutter_local_notifications] AndroidManifest.xml:9:5-66
24-->[:flutter_local_notifications] AndroidManifest.xml:9:22-63
25    <uses-permission android:name="android.permission.POST_NOTIFICATIONS" /> <!-- suppress DeprecatedClassUsageInspection -->
25-->[:flutter_local_notifications] AndroidManifest.xml:10:5-77
25-->[:flutter_local_notifications] AndroidManifest.xml:10:22-74
26    <uses-permission android:name="android.permission.USE_FINGERPRINT" />
26-->[androidx.biometric:biometric:1.1.0] AndroidManifest.xml:27:5-74
26-->[androidx.biometric:biometric:1.1.0] AndroidManifest.xml:27:22-71
27
28    <uses-feature
28-->[com.google.android.gms:play-services-maps:18.2.0] AndroidManifest.xml:26:5-28:35
29        android:glEsVersion="0x00020000"
29-->[com.google.android.gms:play-services-maps:18.2.0] AndroidManifest.xml:27:9-41
30        android:required="true" />
30-->[com.google.android.gms:play-services-maps:18.2.0] AndroidManifest.xml:28:9-32
31
32    <queries>
32-->[com.google.android.gms:play-services-maps:18.2.0] AndroidManifest.xml:30:5-34:15
33
34        <!-- Needs to be explicitly declared on Android R+ -->
35        <package android:name="com.google.android.apps.maps" />
35-->[com.google.android.gms:play-services-maps:18.2.0] AndroidManifest.xml:33:9-64
35-->[com.google.android.gms:play-services-maps:18.2.0] AndroidManifest.xml:33:18-61
36    </queries> <!-- Required by older versions of Google Play services to create IID tokens -->
37    <uses-permission android:name="com.google.android.c2dm.permission.RECEIVE" />
37-->[com.google.firebase:firebase-messaging:23.0.8] AndroidManifest.xml:29:5-82
37-->[com.google.firebase:firebase-messaging:23.0.8] AndroidManifest.xml:29:22-79
38    <uses-permission android:name="com.google.android.finsky.permission.BIND_GET_INSTALL_REFERRER_SERVICE" />
38-->[com.google.android.gms:play-services-measurement:21.1.1] AndroidManifest.xml:26:5-110
38-->[com.google.android.gms:play-services-measurement:21.1.1] AndroidManifest.xml:26:22-107
39
40    <permission
40-->[androidx.core:core:1.13.1] AndroidManifest.xml:22:5-24:47
41        android:name="com.parentseye.parent_app.DYNAMIC_RECEIVER_NOT_EXPORTED_PERMISSION"
41-->[androidx.core:core:1.13.1] AndroidManifest.xml:23:9-81
42        android:protectionLevel="signature" />
42-->[androidx.core:core:1.13.1] AndroidManifest.xml:24:9-44
43
44    <uses-permission android:name="com.parentseye.parent_app.DYNAMIC_RECEIVER_NOT_EXPORTED_PERMISSION" />
44-->[androidx.core:core:1.13.1] AndroidManifest.xml:26:5-97
44-->[androidx.core:core:1.13.1] AndroidManifest.xml:26:22-94
45
46    <application
47        android:name="android.app.Application"
47-->src\main\AndroidManifest.xml:21:9-42
48        android:appComponentFactory="androidx.core.app.CoreComponentFactory"
48-->[androidx.core:core:1.13.1] AndroidManifest.xml:28:18-86
49        android:extractNativeLibs="false"
50        android:icon="@mipmap/launcher_icon"
50-->src\main\AndroidManifest.xml:22:9-45
51        android:label="ParentsEye Parent" >
51-->src\main\AndroidManifest.xml:20:9-42
52        <activity
52-->src\main\AndroidManifest.xml:24:9-39:20
53            android:name="com.parentseye.parent_app.MainActivity"
53-->src\main\AndroidManifest.xml:25:13-41
54            android:configChanges="orientation|keyboardHidden|keyboard|screenSize|smallestScreenSize|locale|layoutDirection|fontScale|screenLayout|density|uiMode"
54-->src\main\AndroidManifest.xml:29:13-163
55            android:exported="true"
55-->src\main\AndroidManifest.xml:26:13-36
56            android:hardwareAccelerated="true"
56-->src\main\AndroidManifest.xml:30:13-47
57            android:launchMode="singleTop"
57-->src\main\AndroidManifest.xml:27:13-43
58            android:theme="@style/LaunchTheme"
58-->src\main\AndroidManifest.xml:28:13-47
59            android:windowSoftInputMode="adjustResize" >
59-->src\main\AndroidManifest.xml:31:13-55
60            <meta-data
60-->src\main\AndroidManifest.xml:32:13-34:55
61                android:name="io.flutter.embedding.android.NormalTheme"
61-->src\main\AndroidManifest.xml:33:15-70
62                android:resource="@style/NormalTheme" />
62-->src\main\AndroidManifest.xml:34:15-52
63
64            <intent-filter>
64-->src\main\AndroidManifest.xml:35:13-38:29
65                <action android:name="android.intent.action.MAIN" />
65-->src\main\AndroidManifest.xml:36:17-68
65-->src\main\AndroidManifest.xml:36:25-66
66
67                <category android:name="android.intent.category.LAUNCHER" />
67-->src\main\AndroidManifest.xml:37:17-76
67-->src\main\AndroidManifest.xml:37:27-74
68            </intent-filter>
69        </activity>
70
71        <service
71-->src\main\AndroidManifest.xml:41:9-44:39
72            android:name="dev.fluttercommunity.plus.workmanager.WorkmanagerService"
72-->src\main\AndroidManifest.xml:42:13-84
73            android:exported="false"
73-->src\main\AndroidManifest.xml:44:13-37
74            android:permission="android.permission.BIND_JOB_SERVICE" />
74-->src\main\AndroidManifest.xml:43:13-69
75
76        <meta-data
76-->src\main\AndroidManifest.xml:46:9-48:33
77            android:name="flutterEmbedding"
77-->src\main\AndroidManifest.xml:47:13-44
78            android:value="2" />
78-->src\main\AndroidManifest.xml:48:13-30
79        <meta-data
79-->src\main\AndroidManifest.xml:50:9-52:71
80            android:name="com.google.android.geo.API_KEY"
80-->src\main\AndroidManifest.xml:51:13-58
81            android:value="AIzaSyAvHHoPKPwRFui0undeEUrz00-8w6qFtik" />
81-->src\main\AndroidManifest.xml:52:13-68
82
83        <receiver
83-->src\main\AndroidManifest.xml:54:9-62:20
84            android:name="dev.fluttercommunity.plus.workmanager.WorkmanagerBroadcastReceiver"
84-->src\main\AndroidManifest.xml:55:13-94
85            android:enabled="true"
85-->src\main\AndroidManifest.xml:56:13-35
86            android:exported="true" >
86-->src\main\AndroidManifest.xml:57:13-36
87            <intent-filter>
87-->src\main\AndroidManifest.xml:58:13-61:29
88                <action android:name="android.intent.action.BOOT_COMPLETED" />
88-->src\main\AndroidManifest.xml:59:17-78
88-->src\main\AndroidManifest.xml:59:25-76
89                <action android:name="android.intent.action.REBOOT" />
89-->src\main\AndroidManifest.xml:60:17-70
89-->src\main\AndroidManifest.xml:60:25-68
90            </intent-filter>
91        </receiver>
92
93        <service
93-->[:firebase_analytics] AndroidManifest.xml:14:9-18:19
94            android:name="com.google.firebase.components.ComponentDiscoveryService"
94-->[:firebase_analytics] AndroidManifest.xml:14:18-89
95            android:directBootAware="true"
95-->[com.google.firebase:firebase-common:20.1.2] AndroidManifest.xml:35:13-43
96            android:exported="false" >
96-->[com.google.firebase:firebase-messaging:23.0.8] AndroidManifest.xml:55:13-37
97            <meta-data
97-->[:firebase_analytics] AndroidManifest.xml:15:13-17:85
98                android:name="com.google.firebase.components:io.flutter.plugins.firebase.analytics.FlutterFirebaseAppRegistrar"
98-->[:firebase_analytics] AndroidManifest.xml:16:17-128
99                android:value="com.google.firebase.components.ComponentRegistrar" />
99-->[:firebase_analytics] AndroidManifest.xml:17:17-82
100            <meta-data
100-->[:firebase_messaging] AndroidManifest.xml:36:13-38:85
101                android:name="com.google.firebase.components:io.flutter.plugins.firebase.messaging.FlutterFirebaseAppRegistrar"
101-->[:firebase_messaging] AndroidManifest.xml:37:17-128
102                android:value="com.google.firebase.components.ComponentRegistrar" />
102-->[:firebase_messaging] AndroidManifest.xml:38:17-82
103            <meta-data
103-->[:firebase_core] AndroidManifest.xml:11:13-13:85
104                android:name="com.google.firebase.components:io.flutter.plugins.firebase.core.FlutterFirebaseCoreRegistrar"
104-->[:firebase_core] AndroidManifest.xml:12:17-124
105                android:value="com.google.firebase.components.ComponentRegistrar" />
105-->[:firebase_core] AndroidManifest.xml:13:17-82
106            <meta-data
106-->[com.google.firebase:firebase-messaging:23.0.8] AndroidManifest.xml:56:13-58:85
107                android:name="com.google.firebase.components:com.google.firebase.messaging.FirebaseMessagingRegistrar"
107-->[com.google.firebase:firebase-messaging:23.0.8] AndroidManifest.xml:57:17-119
108                android:value="com.google.firebase.components.ComponentRegistrar" />
108-->[com.google.firebase:firebase-messaging:23.0.8] AndroidManifest.xml:58:17-82
109            <meta-data
109-->[com.google.android.gms:play-services-measurement-api:21.1.1] AndroidManifest.xml:31:13-33:85
110                android:name="com.google.firebase.components:com.google.firebase.analytics.connector.internal.AnalyticsConnectorRegistrar"
110-->[com.google.android.gms:play-services-measurement-api:21.1.1] AndroidManifest.xml:32:17-139
111                android:value="com.google.firebase.components.ComponentRegistrar" />
111-->[com.google.android.gms:play-services-measurement-api:21.1.1] AndroidManifest.xml:33:17-82
112            <meta-data
112-->[com.google.firebase:firebase-datatransport:18.1.6] AndroidManifest.xml:28:13-30:85
113                android:name="com.google.firebase.components:com.google.firebase.datatransport.TransportRegistrar"
113-->[com.google.firebase:firebase-datatransport:18.1.6] AndroidManifest.xml:29:17-115
114                android:value="com.google.firebase.components.ComponentRegistrar" />
114-->[com.google.firebase:firebase-datatransport:18.1.6] AndroidManifest.xml:30:17-82
115            <meta-data
115-->[com.google.firebase:firebase-installations:17.0.3] AndroidManifest.xml:18:13-20:85
116                android:name="com.google.firebase.components:com.google.firebase.installations.FirebaseInstallationsRegistrar"
116-->[com.google.firebase:firebase-installations:17.0.3] AndroidManifest.xml:19:17-127
117                android:value="com.google.firebase.components.ComponentRegistrar" />
117-->[com.google.firebase:firebase-installations:17.0.3] AndroidManifest.xml:20:17-82
118        </service>
119        <service
119-->[:firebase_messaging] AndroidManifest.xml:14:9-17:72
120            android:name="io.flutter.plugins.firebase.messaging.FlutterFirebaseMessagingBackgroundService"
120-->[:firebase_messaging] AndroidManifest.xml:15:13-107
121            android:exported="false"
121-->[:firebase_messaging] AndroidManifest.xml:16:13-37
122            android:permission="android.permission.BIND_JOB_SERVICE" />
122-->[:firebase_messaging] AndroidManifest.xml:17:13-69
123        <service
123-->[:firebase_messaging] AndroidManifest.xml:18:9-24:19
124            android:name="io.flutter.plugins.firebase.messaging.FlutterFirebaseMessagingService"
124-->[:firebase_messaging] AndroidManifest.xml:19:13-97
125            android:exported="false" >
125-->[:firebase_messaging] AndroidManifest.xml:20:13-37
126            <intent-filter>
126-->[:firebase_messaging] AndroidManifest.xml:21:13-23:29
127                <action android:name="com.google.firebase.MESSAGING_EVENT" />
127-->[:firebase_messaging] AndroidManifest.xml:22:17-78
127-->[:firebase_messaging] AndroidManifest.xml:22:25-75
128            </intent-filter>
129        </service>
130
131        <receiver
131-->[:firebase_messaging] AndroidManifest.xml:26:9-33:20
132            android:name="io.flutter.plugins.firebase.messaging.FlutterFirebaseMessagingReceiver"
132-->[:firebase_messaging] AndroidManifest.xml:27:13-98
133            android:exported="true"
133-->[:firebase_messaging] AndroidManifest.xml:28:13-36
134            android:permission="com.google.android.c2dm.permission.SEND" >
134-->[:firebase_messaging] AndroidManifest.xml:29:13-73
135            <intent-filter>
135-->[:firebase_messaging] AndroidManifest.xml:30:13-32:29
136                <action android:name="com.google.android.c2dm.intent.RECEIVE" />
136-->[:firebase_messaging] AndroidManifest.xml:31:17-81
136-->[:firebase_messaging] AndroidManifest.xml:31:25-78
137            </intent-filter>
138        </receiver>
139
140        <provider
140-->[:firebase_messaging] AndroidManifest.xml:41:9-45:38
141            android:name="io.flutter.plugins.firebase.messaging.FlutterFirebaseMessagingInitProvider"
141-->[:firebase_messaging] AndroidManifest.xml:42:13-102
142            android:authorities="com.parentseye.parent_app.flutterfirebasemessaginginitprovider"
142-->[:firebase_messaging] AndroidManifest.xml:43:13-88
143            android:exported="false"
143-->[:firebase_messaging] AndroidManifest.xml:44:13-37
144            android:initOrder="99" />
144-->[:firebase_messaging] AndroidManifest.xml:45:13-35
145
146        <service
146-->[:flutter_background_service_android] AndroidManifest.xml:14:9-18:44
147            android:name="id.flutter.flutter_background_service.BackgroundService"
147-->[:flutter_background_service_android] AndroidManifest.xml:15:13-83
148            android:enabled="true"
148-->[:flutter_background_service_android] AndroidManifest.xml:16:13-35
149            android:exported="true"
149-->[:flutter_background_service_android] AndroidManifest.xml:17:13-36
150            android:stopWithTask="false" />
150-->[:flutter_background_service_android] AndroidManifest.xml:18:13-41
151
152        <receiver
152-->[:flutter_background_service_android] AndroidManifest.xml:20:9-23:39
153            android:name="id.flutter.flutter_background_service.WatchdogReceiver"
153-->[:flutter_background_service_android] AndroidManifest.xml:21:13-82
154            android:enabled="true"
154-->[:flutter_background_service_android] AndroidManifest.xml:22:13-35
155            android:exported="true" />
155-->[:flutter_background_service_android] AndroidManifest.xml:23:13-36
156        <receiver
156-->[:flutter_background_service_android] AndroidManifest.xml:24:9-33:20
157            android:name="id.flutter.flutter_background_service.BootReceiver"
157-->[:flutter_background_service_android] AndroidManifest.xml:25:13-78
158            android:enabled="true"
158-->[:flutter_background_service_android] AndroidManifest.xml:26:13-35
159            android:exported="true" >
159-->[:flutter_background_service_android] AndroidManifest.xml:27:13-36
160            <intent-filter>
160-->[:flutter_background_service_android] AndroidManifest.xml:28:13-32:29
161                <action android:name="android.intent.action.BOOT_COMPLETED" />
161-->src\main\AndroidManifest.xml:59:17-78
161-->src\main\AndroidManifest.xml:59:25-76
162                <action android:name="android.intent.action.QUICKBOOT_POWERON" />
162-->[:flutter_background_service_android] AndroidManifest.xml:30:17-82
162-->[:flutter_background_service_android] AndroidManifest.xml:30:25-79
163                <action android:name="android.intent.action.MY_PACKAGE_REPLACED" />
163-->[:flutter_background_service_android] AndroidManifest.xml:31:17-84
163-->[:flutter_background_service_android] AndroidManifest.xml:31:25-81
164            </intent-filter>
165        </receiver>
166
167        <service
167-->[:geolocator_android] AndroidManifest.xml:10:9-14:56
168            android:name="com.baseflow.geolocator.GeolocatorLocationService"
168-->[:geolocator_android] AndroidManifest.xml:11:13-77
169            android:enabled="true"
169-->[:geolocator_android] AndroidManifest.xml:12:13-35
170            android:exported="false"
170-->[:geolocator_android] AndroidManifest.xml:13:13-37
171            android:foregroundServiceType="location" />
171-->[:geolocator_android] AndroidManifest.xml:14:13-53
172
173        <provider
173-->[:share] AndroidManifest.xml:10:9-18:20
174            android:name="io.flutter.plugins.share.ShareFileProvider"
174-->[:share] AndroidManifest.xml:11:13-70
175            android:authorities="com.parentseye.parent_app.flutter.share_provider"
175-->[:share] AndroidManifest.xml:12:13-74
176            android:exported="false"
176-->[:share] AndroidManifest.xml:13:13-37
177            android:grantUriPermissions="true" >
177-->[:share] AndroidManifest.xml:14:13-47
178            <meta-data
178-->[:share] AndroidManifest.xml:15:13-17:68
179                android:name="android.support.FILE_PROVIDER_PATHS"
179-->[:share] AndroidManifest.xml:16:17-67
180                android:resource="@xml/flutter_share_file_paths" />
180-->[:share] AndroidManifest.xml:17:17-65
181        </provider>
182
183        <activity
183-->[:url_launcher_android] AndroidManifest.xml:10:9-13:74
184            android:name="io.flutter.plugins.urllauncher.WebViewActivity"
184-->[:url_launcher_android] AndroidManifest.xml:11:13-74
185            android:exported="false"
185-->[:url_launcher_android] AndroidManifest.xml:12:13-37
186            android:theme="@android:style/Theme.NoTitleBar.Fullscreen" />
186-->[:url_launcher_android] AndroidManifest.xml:13:13-71
187
188        <provider
188-->[androidx.work:work-runtime:2.8.1] AndroidManifest.xml:29:9-37:20
189            android:name="androidx.startup.InitializationProvider"
189-->[androidx.work:work-runtime:2.8.1] AndroidManifest.xml:30:13-67
190            android:authorities="com.parentseye.parent_app.androidx-startup"
190-->[androidx.work:work-runtime:2.8.1] AndroidManifest.xml:31:13-68
191            android:exported="false" >
191-->[androidx.work:work-runtime:2.8.1] AndroidManifest.xml:32:13-37
192            <meta-data
192-->[androidx.work:work-runtime:2.8.1] AndroidManifest.xml:34:13-36:52
193                android:name="androidx.work.WorkManagerInitializer"
193-->[androidx.work:work-runtime:2.8.1] AndroidManifest.xml:35:17-68
194                android:value="androidx.startup" />
194-->[androidx.work:work-runtime:2.8.1] AndroidManifest.xml:36:17-49
195            <meta-data
195-->[androidx.lifecycle:lifecycle-process:2.7.0] AndroidManifest.xml:29:13-31:52
196                android:name="androidx.lifecycle.ProcessLifecycleInitializer"
196-->[androidx.lifecycle:lifecycle-process:2.7.0] AndroidManifest.xml:30:17-78
197                android:value="androidx.startup" />
197-->[androidx.lifecycle:lifecycle-process:2.7.0] AndroidManifest.xml:31:17-49
198            <meta-data
198-->[androidx.profileinstaller:profileinstaller:1.3.1] AndroidManifest.xml:29:13-31:52
199                android:name="androidx.profileinstaller.ProfileInstallerInitializer"
199-->[androidx.profileinstaller:profileinstaller:1.3.1] AndroidManifest.xml:30:17-85
200                android:value="androidx.startup" />
200-->[androidx.profileinstaller:profileinstaller:1.3.1] AndroidManifest.xml:31:17-49
201        </provider>
202
203        <service
203-->[androidx.work:work-runtime:2.8.1] AndroidManifest.xml:39:9-45:35
204            android:name="androidx.work.impl.background.systemalarm.SystemAlarmService"
204-->[androidx.work:work-runtime:2.8.1] AndroidManifest.xml:40:13-88
205            android:directBootAware="false"
205-->[androidx.work:work-runtime:2.8.1] AndroidManifest.xml:41:13-44
206            android:enabled="@bool/enable_system_alarm_service_default"
206-->[androidx.work:work-runtime:2.8.1] AndroidManifest.xml:42:13-72
207            android:exported="false" />
207-->[androidx.work:work-runtime:2.8.1] AndroidManifest.xml:43:13-37
208        <service
208-->[androidx.work:work-runtime:2.8.1] AndroidManifest.xml:46:9-52:35
209            android:name="androidx.work.impl.background.systemjob.SystemJobService"
209-->[androidx.work:work-runtime:2.8.1] AndroidManifest.xml:47:13-84
210            android:directBootAware="false"
210-->[androidx.work:work-runtime:2.8.1] AndroidManifest.xml:48:13-44
211            android:enabled="@bool/enable_system_job_service_default"
211-->[androidx.work:work-runtime:2.8.1] AndroidManifest.xml:49:13-70
212            android:exported="true"
212-->[androidx.work:work-runtime:2.8.1] AndroidManifest.xml:50:13-36
213            android:permission="android.permission.BIND_JOB_SERVICE" />
213-->[androidx.work:work-runtime:2.8.1] AndroidManifest.xml:51:13-69
214        <service
214-->[androidx.work:work-runtime:2.8.1] AndroidManifest.xml:53:9-59:35
215            android:name="androidx.work.impl.foreground.SystemForegroundService"
215-->[androidx.work:work-runtime:2.8.1] AndroidManifest.xml:54:13-81
216            android:directBootAware="false"
216-->[androidx.work:work-runtime:2.8.1] AndroidManifest.xml:55:13-44
217            android:enabled="@bool/enable_system_foreground_service_default"
217-->[androidx.work:work-runtime:2.8.1] AndroidManifest.xml:56:13-77
218            android:exported="false" />
218-->[androidx.work:work-runtime:2.8.1] AndroidManifest.xml:57:13-37
219
220        <receiver
220-->[androidx.work:work-runtime:2.8.1] AndroidManifest.xml:61:9-66:35
221            android:name="androidx.work.impl.utils.ForceStopRunnable$BroadcastReceiver"
221-->[androidx.work:work-runtime:2.8.1] AndroidManifest.xml:62:13-88
222            android:directBootAware="false"
222-->[androidx.work:work-runtime:2.8.1] AndroidManifest.xml:63:13-44
223            android:enabled="true"
223-->[androidx.work:work-runtime:2.8.1] AndroidManifest.xml:64:13-35
224            android:exported="false" />
224-->[androidx.work:work-runtime:2.8.1] AndroidManifest.xml:65:13-37
225        <receiver
225-->[androidx.work:work-runtime:2.8.1] AndroidManifest.xml:67:9-77:20
226            android:name="androidx.work.impl.background.systemalarm.ConstraintProxy$BatteryChargingProxy"
226-->[androidx.work:work-runtime:2.8.1] AndroidManifest.xml:68:13-106
227            android:directBootAware="false"
227-->[androidx.work:work-runtime:2.8.1] AndroidManifest.xml:69:13-44
228            android:enabled="false"
228-->[androidx.work:work-runtime:2.8.1] AndroidManifest.xml:70:13-36
229            android:exported="false" >
229-->[androidx.work:work-runtime:2.8.1] AndroidManifest.xml:71:13-37
230            <intent-filter>
230-->[androidx.work:work-runtime:2.8.1] AndroidManifest.xml:73:13-76:29
231                <action android:name="android.intent.action.ACTION_POWER_CONNECTED" />
231-->[androidx.work:work-runtime:2.8.1] AndroidManifest.xml:74:17-87
231-->[androidx.work:work-runtime:2.8.1] AndroidManifest.xml:74:25-84
232                <action android:name="android.intent.action.ACTION_POWER_DISCONNECTED" />
232-->[androidx.work:work-runtime:2.8.1] AndroidManifest.xml:75:17-90
232-->[androidx.work:work-runtime:2.8.1] AndroidManifest.xml:75:25-87
233            </intent-filter>
234        </receiver>
235        <receiver
235-->[androidx.work:work-runtime:2.8.1] AndroidManifest.xml:78:9-88:20
236            android:name="androidx.work.impl.background.systemalarm.ConstraintProxy$BatteryNotLowProxy"
236-->[androidx.work:work-runtime:2.8.1] AndroidManifest.xml:79:13-104
237            android:directBootAware="false"
237-->[androidx.work:work-runtime:2.8.1] AndroidManifest.xml:80:13-44
238            android:enabled="false"
238-->[androidx.work:work-runtime:2.8.1] AndroidManifest.xml:81:13-36
239            android:exported="false" >
239-->[androidx.work:work-runtime:2.8.1] AndroidManifest.xml:82:13-37
240            <intent-filter>
240-->[androidx.work:work-runtime:2.8.1] AndroidManifest.xml:84:13-87:29
241                <action android:name="android.intent.action.BATTERY_OKAY" />
241-->[androidx.work:work-runtime:2.8.1] AndroidManifest.xml:85:17-77
241-->[androidx.work:work-runtime:2.8.1] AndroidManifest.xml:85:25-74
242                <action android:name="android.intent.action.BATTERY_LOW" />
242-->[androidx.work:work-runtime:2.8.1] AndroidManifest.xml:86:17-76
242-->[androidx.work:work-runtime:2.8.1] AndroidManifest.xml:86:25-73
243            </intent-filter>
244        </receiver>
245        <receiver
245-->[androidx.work:work-runtime:2.8.1] AndroidManifest.xml:89:9-99:20
246            android:name="androidx.work.impl.background.systemalarm.ConstraintProxy$StorageNotLowProxy"
246-->[androidx.work:work-runtime:2.8.1] AndroidManifest.xml:90:13-104
247            android:directBootAware="false"
247-->[androidx.work:work-runtime:2.8.1] AndroidManifest.xml:91:13-44
248            android:enabled="false"
248-->[androidx.work:work-runtime:2.8.1] AndroidManifest.xml:92:13-36
249            android:exported="false" >
249-->[androidx.work:work-runtime:2.8.1] AndroidManifest.xml:93:13-37
250            <intent-filter>
250-->[androidx.work:work-runtime:2.8.1] AndroidManifest.xml:95:13-98:29
251                <action android:name="android.intent.action.DEVICE_STORAGE_LOW" />
251-->[androidx.work:work-runtime:2.8.1] AndroidManifest.xml:96:17-83
251-->[androidx.work:work-runtime:2.8.1] AndroidManifest.xml:96:25-80
252                <action android:name="android.intent.action.DEVICE_STORAGE_OK" />
252-->[androidx.work:work-runtime:2.8.1] AndroidManifest.xml:97:17-82
252-->[androidx.work:work-runtime:2.8.1] AndroidManifest.xml:97:25-79
253            </intent-filter>
254        </receiver>
255        <receiver
255-->[androidx.work:work-runtime:2.8.1] AndroidManifest.xml:100:9-109:20
256            android:name="androidx.work.impl.background.systemalarm.ConstraintProxy$NetworkStateProxy"
256-->[androidx.work:work-runtime:2.8.1] AndroidManifest.xml:101:13-103
257            android:directBootAware="false"
257-->[androidx.work:work-runtime:2.8.1] AndroidManifest.xml:102:13-44
258            android:enabled="false"
258-->[androidx.work:work-runtime:2.8.1] AndroidManifest.xml:103:13-36
259            android:exported="false" >
259-->[androidx.work:work-runtime:2.8.1] AndroidManifest.xml:104:13-37
260            <intent-filter>
260-->[androidx.work:work-runtime:2.8.1] AndroidManifest.xml:106:13-108:29
261                <action android:name="android.net.conn.CONNECTIVITY_CHANGE" />
261-->[androidx.work:work-runtime:2.8.1] AndroidManifest.xml:107:17-79
261-->[androidx.work:work-runtime:2.8.1] AndroidManifest.xml:107:25-76
262            </intent-filter>
263        </receiver>
264        <receiver
264-->[androidx.work:work-runtime:2.8.1] AndroidManifest.xml:110:9-121:20
265            android:name="androidx.work.impl.background.systemalarm.RescheduleReceiver"
265-->[androidx.work:work-runtime:2.8.1] AndroidManifest.xml:111:13-88
266            android:directBootAware="false"
266-->[androidx.work:work-runtime:2.8.1] AndroidManifest.xml:112:13-44
267            android:enabled="false"
267-->[androidx.work:work-runtime:2.8.1] AndroidManifest.xml:113:13-36
268            android:exported="false" >
268-->[androidx.work:work-runtime:2.8.1] AndroidManifest.xml:114:13-37
269            <intent-filter>
269-->[androidx.work:work-runtime:2.8.1] AndroidManifest.xml:116:13-120:29
270                <action android:name="android.intent.action.BOOT_COMPLETED" />
270-->src\main\AndroidManifest.xml:59:17-78
270-->src\main\AndroidManifest.xml:59:25-76
271                <action android:name="android.intent.action.TIME_SET" />
271-->[androidx.work:work-runtime:2.8.1] AndroidManifest.xml:118:17-73
271-->[androidx.work:work-runtime:2.8.1] AndroidManifest.xml:118:25-70
272                <action android:name="android.intent.action.TIMEZONE_CHANGED" />
272-->[androidx.work:work-runtime:2.8.1] AndroidManifest.xml:119:17-81
272-->[androidx.work:work-runtime:2.8.1] AndroidManifest.xml:119:25-78
273            </intent-filter>
274        </receiver>
275        <receiver
275-->[androidx.work:work-runtime:2.8.1] AndroidManifest.xml:122:9-131:20
276            android:name="androidx.work.impl.background.systemalarm.ConstraintProxyUpdateReceiver"
276-->[androidx.work:work-runtime:2.8.1] AndroidManifest.xml:123:13-99
277            android:directBootAware="false"
277-->[androidx.work:work-runtime:2.8.1] AndroidManifest.xml:124:13-44
278            android:enabled="@bool/enable_system_alarm_service_default"